Info: Start Nativelink Simulation process
Info: NativeLink has detected VHDL design -- VHDL simulation models will be used

========= EDA Simulation Settings =====================

Sim Mode              :  RTL
Family                :  max10
Quartus root          :  /nix/store/kbq2x6x1fkpdkspr0asqanmb36vn9nkb-quartus-prime-lite-unwrapped-20.1.1.720/quartus/linux64/
Quartus sim root      :  /nix/store/kbq2x6x1fkpdkspr0asqanmb36vn9nkb-quartus-prime-lite-unwrapped-20.1.1.720/quartus/eda/sim_lib
Simulation Tool       :  modelsim-altera
Simulation Language   :  vhdl
Version               :  93
Simulation Mode       :  GUI
Sim Output File       :  
Sim SDF file          :  
Sim dir               :  simulation/modelsim

=======================================================

Info: Starting NativeLink simulation with ModelSim-Altera software
Sourced NativeLink script /nix/store/kbq2x6x1fkpdkspr0asqanmb36vn9nkb-quartus-prime-lite-unwrapped-20.1.1.720/quartus/common/tcl/internal/nativelink/modelsim.tcl
Warning: File bf-processor_run_msim_rtl_vhdl.do already exists - backing up current file as bf-processor_run_msim_rtl_vhdl.do.bak11
Info: Spawning ModelSim-Altera Simulation software 
Info: NativeLink simulation flow was successful
